<?xml version="1.0" encoding="UTF-8"?>
<!-- Generated by org.testng.reporters.JUnitReportReporter -->
<testsuite hostname="LAPTOP-N4LC424N" failures="0" tests="1" name="thirtyPrograms.Arrays" time="0.028" errors="0" timestamp="2025-02-24T21:20:31 IST" skipped="0">
  <testcase classname="thirtyPrograms.Arrays" name="getstringindex" time="0.028"/>
  <system-out/>
</testsuite> <!-- thirtyPrograms.Arrays -->
