<?xml version="1.0" encoding="UTF-8"?>
<!-- Generated by org.testng.reporters.JUnitReportReporter -->
<testsuite hostname="LAPTOP-N4LC424N" failures="0" tests="1" name="testCases.AccountRegistrationTest" time="3.279" errors="0" timestamp="2025-06-30T18:54:02 IST" skipped="0">
  <testcase classname="testCases.AccountRegistrationTest" name="verify_account_registration" time="3.279"/>
  <system-out/>
</testsuite> <!-- testCases.AccountRegistrationTest -->
