<?xml version="1.0" encoding="UTF-8"?>
<!-- Generated by org.testng.reporters.JUnitReportReporter -->
<testsuite hostname="LAPTOP-N4LC424N" failures="0" tests="1" name="thirtyPrograms.SearchString" time="0.022" errors="0" timestamp="2025-02-24T21:09:52 IST" skipped="0">
  <testcase classname="thirtyPrograms.SearchString" name="SearchStringUsingLoopcountoccurancesusinglength2" time="0.022"/>
  <system-out/>
</testsuite> <!-- thirtyPrograms.SearchString -->
