<?xml version="1.0" encoding="UTF-8"?>
<!-- Generated by org.testng.reporters.JUnitReportReporter -->
<testsuite hostname="LAPTOP-N4LC424N" failures="0" tests="1" name="sfdcLogin.TC02_LoginPageTest3" time="10.424" errors="0" timestamp="2025-08-06T17:25:48 IST" skipped="0">
  <testcase classname="sfdcLogin.TC02_LoginPageTest3" name="verify_login" time="10.424"/>
  <system-out/>
</testsuite> <!-- sfdcLogin.TC02_LoginPageTest3 -->
