<?xml version="1.0" encoding="UTF-8"?>
<!-- Generated by org.testng.reporters.JUnitReportReporter -->
<testsuite hostname="LAPTOP-N4LC424N" failures="0" tests="1" name="testCases.TC02_HomePageTest" time="11.735" errors="0" timestamp="2025-08-07T13:09:54 IST" skipped="0">
  <testcase classname="testCases.TC02_HomePageTest" name="verify_HomepageText" time="11.735"/>
  <system-out/>
</testsuite> <!-- testCases.TC02_HomePageTest -->
