<?xml version="1.0" encoding="UTF-8"?>
<!-- Generated by org.testng.reporters.JUnitReportReporter -->
<testsuite hostname="LAPTOP-N4LC424N" failures="0" tests="1" name="testCases.TC02_LoginPageTest" time="3.129" errors="0" timestamp="2025-08-05T14:57:32 IST" skipped="0">
  <testcase classname="testCases.TC02_LoginPageTest" name="verify_login" time="3.129"/>
  <system-out/>
</testsuite> <!-- testCases.TC02_LoginPageTest -->
